22/Jan 16:57:58 INFO  eclipse.EclipsePlugin configureLog  - Logging configured.
22/Jan 16:57:58 DEBUG eclipse.EclipsePlugin start  - Plugin started
22/Jan 16:58:02 DEBUG eclipse.AccuRevStartUp earlyStartup  - Accurev rev setup earlyStartup..
22/Jan 16:58:02 DEBUG managers.LoginSessionManager loadLoginSessions  - Started
22/Jan 16:58:02 DEBUG actions.NewCommonCommandExecutorContext exec  - Exec cmd:com.accurev.commons.commands.info.impl.InfoCommandImpl@90cf871
22/Jan 16:58:02 DEBUG actions.NewCommonCommandExecutorContext run  - Running command with null session.
java.lang.Throwable
	at com.accurev.ide.eclipse.actions.NewCommonCommandExecutorContext$2.run(NewCommonCommandExecutorContext.java:325)
	at com.accurev.ide.eclipse.ResourcesManager.performWithLoginLock(ResourcesManager.java:1268)
	at com.accurev.ide.eclipse.actions.NewCommonCommandExecutorContext.runCommand(NewCommonCommandExecutorContext.java:342)
	at com.accurev.ide.eclipse.actions.NewCommonCommandExecutorContext.exec(NewCommonCommandExecutorContext.java:197)
	at com.accurev.ide.eclipse.operations.WorkspaceInformationOperations.getWorkspaceInformation(WorkspaceInformationOperations.java:126)
	at com.accurev.ide.eclipse.operations.WorkspaceInformationOperations.getWorkspaceInformation(WorkspaceInformationOperations.java:75)
	at com.accurev.common.utils.SecurityUtils.getAcClientFileBin(SecurityUtils.java:125)
	at com.accurev.common.utils.SecurityUtils.parseServers(SecurityUtils.java:194)
	at com.accurev.common.utils.SecurityUtils.getServers(SecurityUtils.java:309)
	at com.accurev.ide.eclipse.managers.LoginSessionManager.loadLoginSessions(LoginSessionManager.java:114)
	at com.accurev.ide.eclipse.AccuRevStartUp.earlyStartup(AccuRevStartUp.java:37)
	at org.eclipse.ui.internal.EarlyStartupRunnable.runEarlyStartup(EarlyStartupRunnable.java:87)
	at org.eclipse.ui.internal.EarlyStartupRunnable.run(EarlyStartupRunnable.java:66)
	at org.eclipse.core.runtime.SafeRunner.run(SafeRunner.java:42)
	at org.eclipse.ui.internal.Workbench$63.run(Workbench.java:2470)
	at org.eclipse.core.internal.jobs.Worker.run(Worker.java:54)
22/Jan 16:58:02 DEBUG actions.NewCommonCommandExecutorContext exec  - Exec completed cmd:com.accurev.commons.commands.info.impl.InfoCommandImpl@90cf871
22/Jan 16:58:02 DEBUG utils.SecurityUtils parseServers  - Found server:accurev1:5050
22/Jan 16:58:02 DEBUG utils.SecurityUtils getServers  - Using last user details:com.accurev.ide.eclipse.data.ServersData$Server@8b0683a[name=accurev1,port=5050,lastUser=xli,session=911d625834a9146d4b9b92f83cc69055]
22/Jan 16:58:02 DEBUG managers.LoginSessionManager loadLoginSessions  - Server:com.accurev.ide.eclipse.data.ServersData$Server@8b0683a[name=accurev1,port=5050,lastUser=xli,session=911d625834a9146d4b9b92f83cc69055]
22/Jan 16:58:02 DEBUG managers.LoginSessionManager joinWorkspacesWithToken  - Found a new session:com.accurev.commons.commands.impl.SessionImpl@26b0d869[host=accurev1,port=5050,token=911d625834a9146d4b9b92f83cc69055,user=xli]
22/Jan 16:58:02 DEBUG managers.LoginSessionManager joinWorkspacesWithToken  - Found a session without wspaces, associate it with appropriate wspaces
22/Jan 16:58:02 DEBUG actions.NewCommonCommandExecutorContext exec  - Exec cmd:com.accurev.commons.commands.info.impl.InfoCommandImpl@f886175
22/Jan 16:58:02 DEBUG actions.NewCommonCommandExecutorContext exec  - Exec completed cmd:com.accurev.commons.commands.info.impl.InfoCommandImpl@f886175
22/Jan 16:58:02 DEBUG process.StreamProcess runShowWorkspaces  - Started
22/Jan 16:58:02 DEBUG actions.NewCommonCommandExecutorContext exec  - Exec cmd:com.accurev.commons.commands.show.ShowCommandBuilder$1@7ff48132
22/Jan 16:58:02 DEBUG actions.NewCommonCommandExecutorContext exec  - Exec completed cmd:com.accurev.commons.commands.show.ShowCommandBuilder$1@7ff48132
22/Jan 16:58:02 DEBUG process.StreamProcess runShowWorkspaces  - Ended
22/Jan 16:58:02 DEBUG managers.LoginSessionManager joinWorkspacesWithToken  - Session:com.accurev.commons.commands.impl.SessionImpl@26b0d869[host=accurev1,port=5050,token=911d625834a9146d4b9b92f83cc69055,user=xli] Workspace:com.accurev.commons.commands.response.xml.WSShowElement@5f751f0c[number=<null>,name=vap_devel_vm2_xli,kind=<null>,type=1,userId=374,user=xli,hidden=false,storage=/usr/local/litle-home/xli/cvs,host=xli-vm2.dwi.litle.com,stream=4548,targetTrans=1130561,trans=1130561,eol=0,depot=vap,isActive=false]
22/Jan 16:58:02 DEBUG managers.LoginSessionManager joinWorkspacesWithToken  - Session:com.accurev.commons.commands.impl.SessionImpl@26b0d869[host=accurev1,port=5050,token=911d625834a9146d4b9b92f83cc69055,user=xli] Workspace:com.accurev.commons.commands.response.xml.WSShowElement@3541dd07[number=<null>,name=vap_devel_vm1_xli,kind=<null>,type=1,userId=374,user=xli,hidden=false,storage=/usr/local/litle-home/xli/cvs,host=xli-vm1.dwi.litle.com,stream=4550,targetTrans=1130577,trans=1130577,eol=0,depot=vap,isActive=false]
22/Jan 16:58:02 DEBUG managers.LoginSessionManager loadLoginSessions  - Ended
22/Jan 16:58:02 DEBUG eclipse.WorkspaceInfoManager updateWorkspaceInformation  - Ipath../usr/local/litle-home/xli/git/litle-sdk-for-java/samples/auth
22/Jan 16:58:02 DEBUG managers.LoginSessionManager findTokenByWorkSpacePath  - login session manager..findTokenByWorkSpacePath...path../usr/local/litle-home/xli/git/litle-sdk-for-java/samples/auth
22/Jan 16:58:02 DEBUG actions.NewCommonCommandExecutorContext exec  - Exec cmd:com.accurev.commons.commands.info.impl.InfoCommandImpl@4efe31d1
22/Jan 16:58:02 DEBUG actions.NewCommonCommandExecutorContext run  - Running command with null session.
java.lang.Throwable
	at com.accurev.ide.eclipse.actions.NewCommonCommandExecutorContext$2.run(NewCommonCommandExecutorContext.java:325)
	at com.accurev.ide.eclipse.ResourcesManager.performWithLoginLock(ResourcesManager.java:1268)
	at com.accurev.ide.eclipse.actions.NewCommonCommandExecutorContext.runCommand(NewCommonCommandExecutorContext.java:342)
	at com.accurev.ide.eclipse.actions.NewCommonCommandExecutorContext.exec(NewCommonCommandExecutorContext.java:197)
	at com.accurev.ide.eclipse.operations.WorkspaceInformationOperations.getWorkspaceInformation(WorkspaceInformationOperations.java:126)
	at com.accurev.ide.eclipse.operations.WorkspaceInformationOperations.getWorkspaceInformation(WorkspaceInformationOperations.java:75)
	at com.accurev.ide.eclipse.operations.WorkspaceInformationOperations.getWorkspaceInformation(WorkspaceInformationOperations.java:58)
	at com.accurev.ide.eclipse.WorkspaceInfoManager.updateWorkspaceInformation(WorkspaceInfoManager.java:122)
	at com.accurev.ide.eclipse.WorkspaceInfoManager.getWorkspaceInfo(WorkspaceInfoManager.java:76)
	at com.accurev.ide.eclipse.WorkspaceInfoManager.getWorkspaceInfo(WorkspaceInfoManager.java:98)
	at com.accurev.ide.eclipse.ResourcesManager$3.run(ResourcesManager.java:705)
22/Jan 16:58:02 DEBUG actions.NewCommonCommandExecutorContext exec  - Exec completed cmd:com.accurev.commons.commands.info.impl.InfoCommandImpl@4efe31d1
22/Jan 16:58:02 DEBUG eclipse.WorkspaceInfoManager updateWorkspaceInformation  - Ipath../usr/local/litle-home/xli/git/litle-sandbox
22/Jan 16:58:02 DEBUG managers.LoginSessionManager findTokenByWorkSpacePath  - login session manager..findTokenByWorkSpacePath...path../usr/local/litle-home/xli/git/litle-sandbox
22/Jan 16:58:02 DEBUG actions.NewCommonCommandExecutorContext exec  - Exec cmd:com.accurev.commons.commands.info.impl.InfoCommandImpl@4669b96c
22/Jan 16:58:02 DEBUG actions.NewCommonCommandExecutorContext run  - Running command with null session.
java.lang.Throwable
	at com.accurev.ide.eclipse.actions.NewCommonCommandExecutorContext$2.run(NewCommonCommandExecutorContext.java:325)
	at com.accurev.ide.eclipse.ResourcesManager.performWithLoginLock(ResourcesManager.java:1268)
	at com.accurev.ide.eclipse.actions.NewCommonCommandExecutorContext.runCommand(NewCommonCommandExecutorContext.java:342)
	at com.accurev.ide.eclipse.actions.NewCommonCommandExecutorContext.exec(NewCommonCommandExecutorContext.java:197)
	at com.accurev.ide.eclipse.operations.WorkspaceInformationOperations.getWorkspaceInformation(WorkspaceInformationOperations.java:126)
	at com.accurev.ide.eclipse.operations.WorkspaceInformationOperations.getWorkspaceInformation(WorkspaceInformationOperations.java:75)
	at com.accurev.ide.eclipse.operations.WorkspaceInformationOperations.getWorkspaceInformation(WorkspaceInformationOperations.java:58)
	at com.accurev.ide.eclipse.WorkspaceInfoManager.updateWorkspaceInformation(WorkspaceInfoManager.java:122)
	at com.accurev.ide.eclipse.WorkspaceInfoManager.getWorkspaceInfo(WorkspaceInfoManager.java:76)
	at com.accurev.ide.eclipse.WorkspaceInfoManager.getWorkspaceInfo(WorkspaceInfoManager.java:98)
	at com.accurev.ide.eclipse.ResourcesManager$3.run(ResourcesManager.java:705)
22/Jan 16:58:02 DEBUG actions.NewCommonCommandExecutorContext exec  - Exec completed cmd:com.accurev.commons.commands.info.impl.InfoCommandImpl@4669b96c
22/Jan 16:58:02 DEBUG eclipse.WorkspaceInfoManager updateWorkspaceInformation  - Ipath../usr/local/litle-home/xli/git/litle-sdk-for-java
22/Jan 16:58:02 DEBUG managers.LoginSessionManager findTokenByWorkSpacePath  - login session manager..findTokenByWorkSpacePath...path../usr/local/litle-home/xli/git/litle-sdk-for-java
22/Jan 16:58:02 DEBUG actions.NewCommonCommandExecutorContext exec  - Exec cmd:com.accurev.commons.commands.info.impl.InfoCommandImpl@6cec9e83
22/Jan 16:58:02 DEBUG actions.NewCommonCommandExecutorContext run  - Running command with null session.
java.lang.Throwable
	at com.accurev.ide.eclipse.actions.NewCommonCommandExecutorContext$2.run(NewCommonCommandExecutorContext.java:325)
	at com.accurev.ide.eclipse.ResourcesManager.performWithLoginLock(ResourcesManager.java:1268)
	at com.accurev.ide.eclipse.actions.NewCommonCommandExecutorContext.runCommand(NewCommonCommandExecutorContext.java:342)
	at com.accurev.ide.eclipse.actions.NewCommonCommandExecutorContext.exec(NewCommonCommandExecutorContext.java:197)
	at com.accurev.ide.eclipse.operations.WorkspaceInformationOperations.getWorkspaceInformation(WorkspaceInformationOperations.java:126)
	at com.accurev.ide.eclipse.operations.WorkspaceInformationOperations.getWorkspaceInformation(WorkspaceInformationOperations.java:75)
	at com.accurev.ide.eclipse.operations.WorkspaceInformationOperations.getWorkspaceInformation(WorkspaceInformationOperations.java:58)
	at com.accurev.ide.eclipse.WorkspaceInfoManager.updateWorkspaceInformation(WorkspaceInfoManager.java:122)
	at com.accurev.ide.eclipse.WorkspaceInfoManager.getWorkspaceInfo(WorkspaceInfoManager.java:76)
	at com.accurev.ide.eclipse.WorkspaceInfoManager.getWorkspaceInfo(WorkspaceInfoManager.java:98)
	at com.accurev.ide.eclipse.ResourcesManager$3.run(ResourcesManager.java:705)
22/Jan 16:58:02 DEBUG actions.NewCommonCommandExecutorContext exec  - Exec completed cmd:com.accurev.commons.commands.info.impl.InfoCommandImpl@6cec9e83
22/Jan 16:58:02 DEBUG eclipse.WorkspaceInfoManager updateWorkspaceInformation  - Ipath../usr/local/litle-home/xli/git/litle-sdk-for-python
22/Jan 16:58:02 DEBUG managers.LoginSessionManager findTokenByWorkSpacePath  - login session manager..findTokenByWorkSpacePath...path../usr/local/litle-home/xli/git/litle-sdk-for-python
22/Jan 16:58:02 DEBUG actions.NewCommonCommandExecutorContext exec  - Exec cmd:com.accurev.commons.commands.info.impl.InfoCommandImpl@708ae2d9
22/Jan 16:58:02 DEBUG actions.NewCommonCommandExecutorContext run  - Running command with null session.
java.lang.Throwable
	at com.accurev.ide.eclipse.actions.NewCommonCommandExecutorContext$2.run(NewCommonCommandExecutorContext.java:325)
	at com.accurev.ide.eclipse.ResourcesManager.performWithLoginLock(ResourcesManager.java:1268)
	at com.accurev.ide.eclipse.actions.NewCommonCommandExecutorContext.runCommand(NewCommonCommandExecutorContext.java:342)
	at com.accurev.ide.eclipse.actions.NewCommonCommandExecutorContext.exec(NewCommonCommandExecutorContext.java:197)
	at com.accurev.ide.eclipse.operations.WorkspaceInformationOperations.getWorkspaceInformation(WorkspaceInformationOperations.java:126)
	at com.accurev.ide.eclipse.operations.WorkspaceInformationOperations.getWorkspaceInformation(WorkspaceInformationOperations.java:75)
	at com.accurev.ide.eclipse.operations.WorkspaceInformationOperations.getWorkspaceInformation(WorkspaceInformationOperations.java:58)
	at com.accurev.ide.eclipse.WorkspaceInfoManager.updateWorkspaceInformation(WorkspaceInfoManager.java:122)
	at com.accurev.ide.eclipse.WorkspaceInfoManager.getWorkspaceInfo(WorkspaceInfoManager.java:76)
	at com.accurev.ide.eclipse.WorkspaceInfoManager.getWorkspaceInfo(WorkspaceInfoManager.java:98)
	at com.accurev.ide.eclipse.ResourcesManager$3.run(ResourcesManager.java:705)
22/Jan 16:58:02 DEBUG actions.NewCommonCommandExecutorContext exec  - Exec completed cmd:com.accurev.commons.commands.info.impl.InfoCommandImpl@708ae2d9
22/Jan 16:58:02 DEBUG eclipse.WorkspaceInfoManager updateWorkspaceInformation  - Ipath../usr/local/litle-home/xli/git/litle-sdk-for-ruby
22/Jan 16:58:02 DEBUG managers.LoginSessionManager findTokenByWorkSpacePath  - login session manager..findTokenByWorkSpacePath...path../usr/local/litle-home/xli/git/litle-sdk-for-ruby
22/Jan 16:58:02 DEBUG actions.NewCommonCommandExecutorContext exec  - Exec cmd:com.accurev.commons.commands.info.impl.InfoCommandImpl@2aec154a
22/Jan 16:58:02 DEBUG actions.NewCommonCommandExecutorContext run  - Running command with null session.
java.lang.Throwable
	at com.accurev.ide.eclipse.actions.NewCommonCommandExecutorContext$2.run(NewCommonCommandExecutorContext.java:325)
	at com.accurev.ide.eclipse.ResourcesManager.performWithLoginLock(ResourcesManager.java:1268)
	at com.accurev.ide.eclipse.actions.NewCommonCommandExecutorContext.runCommand(NewCommonCommandExecutorContext.java:342)
	at com.accurev.ide.eclipse.actions.NewCommonCommandExecutorContext.exec(NewCommonCommandExecutorContext.java:197)
	at com.accurev.ide.eclipse.operations.WorkspaceInformationOperations.getWorkspaceInformation(WorkspaceInformationOperations.java:126)
	at com.accurev.ide.eclipse.operations.WorkspaceInformationOperations.getWorkspaceInformation(WorkspaceInformationOperations.java:75)
	at com.accurev.ide.eclipse.operations.WorkspaceInformationOperations.getWorkspaceInformation(WorkspaceInformationOperations.java:58)
	at com.accurev.ide.eclipse.WorkspaceInfoManager.updateWorkspaceInformation(WorkspaceInfoManager.java:122)
	at com.accurev.ide.eclipse.WorkspaceInfoManager.getWorkspaceInfo(WorkspaceInfoManager.java:76)
	at com.accurev.ide.eclipse.WorkspaceInfoManager.getWorkspaceInfo(WorkspaceInfoManager.java:98)
	at com.accurev.ide.eclipse.ResourcesManager$3.run(ResourcesManager.java:705)
22/Jan 16:58:02 DEBUG actions.NewCommonCommandExecutorContext exec  - Exec completed cmd:com.accurev.commons.commands.info.impl.InfoCommandImpl@2aec154a
22/Jan 16:58:02 DEBUG eclipse.ResourcesManager refreshAllDecoratorIcons  - Workspace: /usr/local/litle-home/xli/workspace
22/Jan 16:58:02 DEBUG common.CacheManager clearAllCaches  - Started
22/Jan 16:58:02 DEBUG common.CacheManager clearAllCaches  - Ended
22/Jan 17:00:00 INFO  actions.DefunctSearchesActionDelegate <init>  - inside AbstractSearchActionDelegate constructor...
22/Jan 17:00:00 INFO  actions.StrandedSearchesActionDelegate <init>  - inside AbstractSearchActionDelegate constructor...
22/Jan 17:00:00 INFO  actions.MissingSearchesActionDelegate <init>  - inside AbstractSearchActionDelegate constructor...
22/Jan 17:00:00 INFO  actions.ExternalSearchesActionDelegate <init>  - inside AbstractSearchActionDelegate constructor...
22/Jan 17:00:00 INFO  actions.ModifiedInDefaultGroupSearchesActionDelegate <init>  - inside AbstractSearchActionDelegate constructor...
22/Jan 17:00:00 INFO  actions.DeepOverlapSearchesActionDelegate <init>  - inside AbstractSearchActionDelegate constructor...
22/Jan 17:00:00 INFO  actions.UnderlapSearchesActionDelegate <init>  - inside AbstractSearchActionDelegate constructor...
22/Jan 17:00:00 INFO  actions.OverlapSearchesActionDelegate <init>  - inside AbstractSearchActionDelegate constructor...
22/Jan 17:00:00 INFO  actions.DefaultGroupSearchesActionDelegate <init>  - inside AbstractSearchActionDelegate constructor...
22/Jan 17:00:00 INFO  actions.NonMemberSearchesActionDelegate <init>  - inside AbstractSearchActionDelegate constructor...
22/Jan 17:00:00 INFO  actions.ModifiedSearchesActionDelegate <init>  - inside AbstractSearchActionDelegate constructor...
22/Jan 17:00:00 INFO  actions.KeptSearchesActionDelegate <init>  - inside AbstractSearchActionDelegate constructor...
22/Jan 17:00:00 INFO  actions.PendingSearchesActionDelegate <init>  - inside AbstractSearchActionDelegate constructor...
22/Jan 17:03:01 INFO  eclipse.EclipsePlugin configureLog  - Logging configured.
22/Jan 17:03:01 DEBUG eclipse.EclipsePlugin start  - Plugin started
22/Jan 17:03:01 DEBUG eclipse.AccuRevStartUp earlyStartup  - Accurev rev setup earlyStartup..
22/Jan 17:03:01 DEBUG managers.LoginSessionManager loadLoginSessions  - Started
22/Jan 17:03:01 DEBUG actions.NewCommonCommandExecutorContext exec  - Exec cmd:com.accurev.commons.commands.info.impl.InfoCommandImpl@107e4a37
22/Jan 17:03:01 DEBUG actions.NewCommonCommandExecutorContext run  - Running command with null session.
java.lang.Throwable
	at com.accurev.ide.eclipse.actions.NewCommonCommandExecutorContext$2.run(NewCommonCommandExecutorContext.java:325)
	at com.accurev.ide.eclipse.ResourcesManager.performWithLoginLock(ResourcesManager.java:1268)
	at com.accurev.ide.eclipse.actions.NewCommonCommandExecutorContext.runCommand(NewCommonCommandExecutorContext.java:342)
	at com.accurev.ide.eclipse.actions.NewCommonCommandExecutorContext.exec(NewCommonCommandExecutorContext.java:197)
	at com.accurev.ide.eclipse.operations.WorkspaceInformationOperations.getWorkspaceInformation(WorkspaceInformationOperations.java:126)
	at com.accurev.ide.eclipse.operations.WorkspaceInformationOperations.getWorkspaceInformation(WorkspaceInformationOperations.java:75)
	at com.accurev.common.utils.SecurityUtils.getAcClientFileBin(SecurityUtils.java:125)
	at com.accurev.common.utils.SecurityUtils.parseServers(SecurityUtils.java:194)
	at com.accurev.common.utils.SecurityUtils.getServers(SecurityUtils.java:309)
	at com.accurev.ide.eclipse.managers.LoginSessionManager.loadLoginSessions(LoginSessionManager.java:114)
	at com.accurev.ide.eclipse.AccuRevStartUp.earlyStartup(AccuRevStartUp.java:37)
	at org.eclipse.ui.internal.EarlyStartupRunnable.runEarlyStartup(EarlyStartupRunnable.java:87)
	at org.eclipse.ui.internal.EarlyStartupRunnable.run(EarlyStartupRunnable.java:66)
	at org.eclipse.core.runtime.SafeRunner.run(SafeRunner.java:42)
	at org.eclipse.ui.internal.Workbench$63.run(Workbench.java:2470)
	at org.eclipse.core.internal.jobs.Worker.run(Worker.java:54)
22/Jan 17:03:01 DEBUG actions.NewCommonCommandExecutorContext exec  - Exec completed cmd:com.accurev.commons.commands.info.impl.InfoCommandImpl@107e4a37
22/Jan 17:03:01 DEBUG utils.SecurityUtils parseServers  - Found server:accurev1:5050
22/Jan 17:03:02 DEBUG utils.SecurityUtils getServers  - Using last user details:com.accurev.ide.eclipse.data.ServersData$Server@9967c4f[name=accurev1,port=5050,lastUser=xli,session=911d625834a9146d4b9b92f83cc69055]
22/Jan 17:03:02 DEBUG managers.LoginSessionManager loadLoginSessions  - Server:com.accurev.ide.eclipse.data.ServersData$Server@9967c4f[name=accurev1,port=5050,lastUser=xli,session=911d625834a9146d4b9b92f83cc69055]
22/Jan 17:03:02 DEBUG managers.LoginSessionManager joinWorkspacesWithToken  - Found a new session:com.accurev.commons.commands.impl.SessionImpl@76bb2b73[host=accurev1,port=5050,token=911d625834a9146d4b9b92f83cc69055,user=xli]
22/Jan 17:03:02 DEBUG managers.LoginSessionManager joinWorkspacesWithToken  - Found a session without wspaces, associate it with appropriate wspaces
22/Jan 17:03:02 DEBUG actions.NewCommonCommandExecutorContext exec  - Exec cmd:com.accurev.commons.commands.info.impl.InfoCommandImpl@7a21c7ea
22/Jan 17:03:02 DEBUG actions.NewCommonCommandExecutorContext exec  - Exec completed cmd:com.accurev.commons.commands.info.impl.InfoCommandImpl@7a21c7ea
22/Jan 17:03:02 DEBUG process.StreamProcess runShowWorkspaces  - Started
22/Jan 17:03:02 DEBUG actions.NewCommonCommandExecutorContext exec  - Exec cmd:com.accurev.commons.commands.show.ShowCommandBuilder$1@16fd7da5
22/Jan 17:03:02 DEBUG actions.NewCommonCommandExecutorContext exec  - Exec completed cmd:com.accurev.commons.commands.show.ShowCommandBuilder$1@16fd7da5
22/Jan 17:03:02 DEBUG process.StreamProcess runShowWorkspaces  - Ended
22/Jan 17:03:02 DEBUG managers.LoginSessionManager joinWorkspacesWithToken  - Session:com.accurev.commons.commands.impl.SessionImpl@76bb2b73[host=accurev1,port=5050,token=911d625834a9146d4b9b92f83cc69055,user=xli] Workspace:com.accurev.commons.commands.response.xml.WSShowElement@12625bb6[number=<null>,name=vap_devel_vm2_xli,kind=<null>,type=1,userId=374,user=xli,hidden=false,storage=/usr/local/litle-home/xli/cvs,host=xli-vm2.dwi.litle.com,stream=4548,targetTrans=1130561,trans=1130561,eol=0,depot=vap,isActive=false]
22/Jan 17:03:02 DEBUG managers.LoginSessionManager joinWorkspacesWithToken  - Session:com.accurev.commons.commands.impl.SessionImpl@76bb2b73[host=accurev1,port=5050,token=911d625834a9146d4b9b92f83cc69055,user=xli] Workspace:com.accurev.commons.commands.response.xml.WSShowElement@77731327[number=<null>,name=vap_devel_vm1_xli,kind=<null>,type=1,userId=374,user=xli,hidden=false,storage=/usr/local/litle-home/xli/cvs,host=xli-vm1.dwi.litle.com,stream=4550,targetTrans=1130577,trans=1130577,eol=0,depot=vap,isActive=false]
22/Jan 17:03:02 DEBUG managers.LoginSessionManager loadLoginSessions  - Ended
22/Jan 17:03:02 DEBUG eclipse.ResourcesManager refreshAllDecoratorIcons  - Workspace: /usr/local/litle-home/xli/workspace
22/Jan 17:03:02 DEBUG common.CacheManager clearAllCaches  - Started
22/Jan 17:03:02 DEBUG common.CacheManager clearAllCaches  - Ended
23/Jan 09:37:39 INFO  actions.DefunctSearchesActionDelegate <init>  - inside AbstractSearchActionDelegate constructor...
23/Jan 09:37:39 INFO  actions.StrandedSearchesActionDelegate <init>  - inside AbstractSearchActionDelegate constructor...
23/Jan 09:37:39 INFO  actions.MissingSearchesActionDelegate <init>  - inside AbstractSearchActionDelegate constructor...
23/Jan 09:37:39 INFO  actions.ExternalSearchesActionDelegate <init>  - inside AbstractSearchActionDelegate constructor...
23/Jan 09:37:39 INFO  actions.ModifiedInDefaultGroupSearchesActionDelegate <init>  - inside AbstractSearchActionDelegate constructor...
23/Jan 09:37:39 INFO  actions.DeepOverlapSearchesActionDelegate <init>  - inside AbstractSearchActionDelegate constructor...
23/Jan 09:37:39 INFO  actions.UnderlapSearchesActionDelegate <init>  - inside AbstractSearchActionDelegate constructor...
23/Jan 09:37:39 INFO  actions.OverlapSearchesActionDelegate <init>  - inside AbstractSearchActionDelegate constructor...
23/Jan 09:37:39 INFO  actions.DefaultGroupSearchesActionDelegate <init>  - inside AbstractSearchActionDelegate constructor...
23/Jan 09:37:39 INFO  actions.NonMemberSearchesActionDelegate <init>  - inside AbstractSearchActionDelegate constructor...
23/Jan 09:37:39 INFO  actions.ModifiedSearchesActionDelegate <init>  - inside AbstractSearchActionDelegate constructor...
23/Jan 09:37:39 INFO  actions.KeptSearchesActionDelegate <init>  - inside AbstractSearchActionDelegate constructor...
23/Jan 09:37:39 INFO  actions.PendingSearchesActionDelegate <init>  - inside AbstractSearchActionDelegate constructor...
23/Jan 10:45:30 DEBUG eclipse.EclipsePlugin stop  - Stopping plugin
